20.819721
19.351221
19.891592
20.066467
20.354183
19.574402
19.440264
19.298820
19.282812
19.495817
20.116735
20.599270
20.713308
20.206779
19.707186
19.928699
19.614717
19.370461
19.403057
19.030233
19.109457
19.302698
19.483299
19.678898
20.037243
20.176552
20.782887
21.245382
21.435823
20.488092
19.991768
20.080145
19.910183
19.679855
19.189335
19.079445
19.576185
19.478542
18.823759
18.791988
19.009377
20.013821
20.079647
19.855600
20.178589
20.150444
20.195696
20.739155
21.661198
22.233507
22.155924
21.527092
20.879236
20.451225
20.422781
20.020025
19.907225
20.143732
19.667965
19.476908
20.352085
20.296299
19.219975
18.647034
19.583164
18.969709
19.271629
20.105280
19.813950
19.415770
20.059786
20.409245
20.239809
20.501030
21.030277
21.966290
22.453577
22.392923
22.258156
22.098949
21.496418
20.761286
20.183508
20.102690
19.929562
19.339485
19.952808
20.134329
19.905205
19.835957
20.382994
20.441856
19.847918
19.173347
19.439735
19.510096
19.445957
19.466784
19.905802
19.985783
19.460176
19.224035
19.649803
20.186613
20.079466
20.322721
20.809025
21.321785
22.052610
22.421864
22.245092
22.094564
22.301661
22.032471
21.038399
20.229633
19.873642
19.587091
19.552763
19.305975
19.256844
19.473104
19.133875
19.229931
20.296509
20.367754
20.630203
20.160219
19.433081
18.954897
19.115391
19.322889
19.494316
20.123466
20.428020
19.999071
19.635904
20.223309
19.994827
19.454657
19.826509
20.028030
20.224550
20.628098
20.716562
20.945080
21.813828
22.549515
22.483538
22.458796
22.406101
22.039076
21.233643
21.171556
20.085207
19.995420
19.892910
19.637255
19.264744
18.923887
19.300488
19.719475
19.238979
19.793667
20.557928
20.147514
20.151712
20.542526
19.868876
18.962124
18.839235
18.770580
19.544855
19.698879
20.278660
20.790901
20.590336
20.473452
20.497959
20.462166
20.111580
19.505209
19.234703
19.658249
19.675810
19.848351
20.114435
20.248051
20.483732
21.418697
22.081186
22.300024
22.569221
22.216530
21.611040
20.949066
20.715311
20.721741
20.168945
19.898888
