make: 'main' is up to date.
--input            ../test/test.lst
--output           test_out.lst
--template         ../test/emd_9976_apix3p336_proj.hdf
--eulerfile        ../test/proj_step3_c2.lst
--weight           ../test/snr_ncov_search.txt
--angpix           1.688000
--phistep          2.000000
--first            0.000000
--last             1.000000
--kk               3.000000
--energy           300.000000
--cs               2.700000
--Highres          8.000000
--Lowres           100.000000
--threshold        7.000000
--diameter         180.000000
--padding_size     320
--device_id        7
IMG size: 5760 4092
Now euler3 => 0.000000 / 360.0
Now euler3 => 2.000000 / 360.0
Now euler3 => 4.000000 / 360.0
Now euler3 => 6.000000 / 360.0
Now euler3 => 8.000000 / 360.0
Now euler3 => 10.000000 / 360.0
Now euler3 => 12.000000 / 360.0
Now euler3 => 14.000000 / 360.0
Now euler3 => 16.000000 / 360.0
Now euler3 => 18.000000 / 360.0
Now euler3 => 20.000000 / 360.0
Now euler3 => 22.000000 / 360.0
Now euler3 => 24.000000 / 360.0
Now euler3 => 26.000000 / 360.0
Now euler3 => 28.000000 / 360.0
Now euler3 => 30.000000 / 360.0
Now euler3 => 32.000000 / 360.0
Now euler3 => 34.000000 / 360.0
Now euler3 => 36.000000 / 360.0
Now euler3 => 38.000000 / 360.0
Now euler3 => 40.000000 / 360.0
Now euler3 => 42.000000 / 360.0
Now euler3 => 44.000000 / 360.0
Now euler3 => 46.000000 / 360.0
Now euler3 => 48.000000 / 360.0
Now euler3 => 50.000000 / 360.0
Now euler3 => 52.000000 / 360.0
Now euler3 => 54.000000 / 360.0
Now euler3 => 56.000000 / 360.0
Now euler3 => 58.000000 / 360.0
Now euler3 => 60.000000 / 360.0
Now euler3 => 62.000000 / 360.0
Now euler3 => 64.000000 / 360.0
Now euler3 => 66.000000 / 360.0
Now euler3 => 68.000000 / 360.0
Now euler3 => 70.000000 / 360.0
Now euler3 => 72.000000 / 360.0
Now euler3 => 74.000000 / 360.0
Now euler3 => 76.000000 / 360.0
Now euler3 => 78.000000 / 360.0
Now euler3 => 80.000000 / 360.0
Now euler3 => 82.000000 / 360.0
Now euler3 => 84.000000 / 360.0
Now euler3 => 86.000000 / 360.0
Now euler3 => 88.000000 / 360.0
Now euler3 => 90.000000 / 360.0
Now euler3 => 92.000000 / 360.0
Now euler3 => 94.000000 / 360.0
Now euler3 => 96.000000 / 360.0
Now euler3 => 98.000000 / 360.0
Now euler3 => 100.000000 / 360.0
Now euler3 => 102.000000 / 360.0
Now euler3 => 104.000000 / 360.0
Now euler3 => 106.000000 / 360.0
Now euler3 => 108.000000 / 360.0
Now euler3 => 110.000000 / 360.0
Now euler3 => 112.000000 / 360.0
Now euler3 => 114.000000 / 360.0
Now euler3 => 116.000000 / 360.0
Now euler3 => 118.000000 / 360.0
Now euler3 => 120.000000 / 360.0
Now euler3 => 122.000000 / 360.0
Now euler3 => 124.000000 / 360.0
Now euler3 => 126.000000 / 360.0
Now euler3 => 128.000000 / 360.0
Now euler3 => 130.000000 / 360.0
Now euler3 => 132.000000 / 360.0
Now euler3 => 134.000000 / 360.0
Now euler3 => 136.000000 / 360.0
Now euler3 => 138.000000 / 360.0
Now euler3 => 140.000000 / 360.0
Now euler3 => 142.000000 / 360.0
Now euler3 => 144.000000 / 360.0
Now euler3 => 146.000000 / 360.0
Now euler3 => 148.000000 / 360.0
Now euler3 => 150.000000 / 360.0
Now euler3 => 152.000000 / 360.0
Now euler3 => 154.000000 / 360.0
Now euler3 => 156.000000 / 360.0
Now euler3 => 158.000000 / 360.0
Now euler3 => 160.000000 / 360.0
Now euler3 => 162.000000 / 360.0
Now euler3 => 164.000000 / 360.0
Now euler3 => 166.000000 / 360.0
Now euler3 => 168.000000 / 360.0
Now euler3 => 170.000000 / 360.0
Now euler3 => 172.000000 / 360.0
Now euler3 => 174.000000 / 360.0
Now euler3 => 176.000000 / 360.0
Now euler3 => 178.000000 / 360.0
Now euler3 => 180.000000 / 360.0
Now euler3 => 182.000000 / 360.0
Now euler3 => 184.000000 / 360.0
Now euler3 => 186.000000 / 360.0
Now euler3 => 188.000000 / 360.0
Now euler3 => 190.000000 / 360.0
Now euler3 => 192.000000 / 360.0
Now euler3 => 194.000000 / 360.0
Now euler3 => 196.000000 / 360.0
Now euler3 => 198.000000 / 360.0
Now euler3 => 200.000000 / 360.0
Now euler3 => 202.000000 / 360.0
Now euler3 => 204.000000 / 360.0
Now euler3 => 206.000000 / 360.0
Now euler3 => 208.000000 / 360.0
Now euler3 => 210.000000 / 360.0
Now euler3 => 212.000000 / 360.0
Now euler3 => 214.000000 / 360.0
Now euler3 => 216.000000 / 360.0
Now euler3 => 218.000000 / 360.0
Now euler3 => 220.000000 / 360.0
Now euler3 => 222.000000 / 360.0
Now euler3 => 224.000000 / 360.0
Now euler3 => 226.000000 / 360.0
Now euler3 => 228.000000 / 360.0
Now euler3 => 230.000000 / 360.0
Now euler3 => 232.000000 / 360.0
Now euler3 => 234.000000 / 360.0
Now euler3 => 236.000000 / 360.0
Now euler3 => 238.000000 / 360.0
Now euler3 => 240.000000 / 360.0
Now euler3 => 242.000000 / 360.0
Now euler3 => 244.000000 / 360.0
Now euler3 => 246.000000 / 360.0
Now euler3 => 248.000000 / 360.0
Now euler3 => 250.000000 / 360.0
Now euler3 => 252.000000 / 360.0
Now euler3 => 254.000000 / 360.0
Now euler3 => 256.000000 / 360.0
Now euler3 => 258.000000 / 360.0
Now euler3 => 260.000000 / 360.0
Now euler3 => 262.000000 / 360.0
Now euler3 => 264.000000 / 360.0
Now euler3 => 266.000000 / 360.0
Now euler3 => 268.000000 / 360.0
Now euler3 => 270.000000 / 360.0
Now euler3 => 272.000000 / 360.0
Now euler3 => 274.000000 / 360.0
Now euler3 => 276.000000 / 360.0
Now euler3 => 278.000000 / 360.0
Now euler3 => 280.000000 / 360.0
Now euler3 => 282.000000 / 360.0
Now euler3 => 284.000000 / 360.0
Now euler3 => 286.000000 / 360.0
Now euler3 => 288.000000 / 360.0
Now euler3 => 290.000000 / 360.0
Now euler3 => 292.000000 / 360.0
Now euler3 => 294.000000 / 360.0
Now euler3 => 296.000000 / 360.0
Now euler3 => 298.000000 / 360.0
Now euler3 => 300.000000 / 360.0
Now euler3 => 302.000000 / 360.0
Now euler3 => 304.000000 / 360.0
Now euler3 => 306.000000 / 360.0
Now euler3 => 308.000000 / 360.0
Now euler3 => 310.000000 / 360.0
Now euler3 => 312.000000 / 360.0
Now euler3 => 314.000000 / 360.0
Now euler3 => 316.000000 / 360.0
Now euler3 => 318.000000 / 360.0
Now euler3 => 320.000000 / 360.0
Now euler3 => 322.000000 / 360.0
Now euler3 => 324.000000 / 360.0
Now euler3 => 326.000000 / 360.0
Now euler3 => 328.000000 / 360.0
Now euler3 => 330.000000 / 360.0
Now euler3 => 332.000000 / 360.0
Now euler3 => 334.000000 / 360.0
Now euler3 => 336.000000 / 360.0
Now euler3 => 338.000000 / 360.0
Now euler3 => 340.000000 / 360.0
Now euler3 => 342.000000 / 360.0
Now euler3 => 344.000000 / 360.0
Now euler3 => 346.000000 / 360.0
Now euler3 => 348.000000 / 360.0
Now euler3 => 350.000000 / 360.0
Now euler3 => 352.000000 / 360.0
Now euler3 => 354.000000 / 360.0
Now euler3 => 356.000000 / 360.0
Now euler3 => 358.000000 / 360.0
Consumed time is: 6887.000000 seconds
